{
  "RSpec": {
    "coverage": {
      "/home/sysone/Desktop/Katas/proyecto-base-katas/Batalla_Naval/app/models/tablero.rb": [
        1,
        null,
        1,
        null,
        1,
        14,
        14,
        14,
        14,
        null,
        null,
        1,
        7,
        5,
        null,
        2,
        null,
        null,
        null,
        1,
        5,
        4,
        null,
        1,
        null,
        null,
        null,
        1,
        7,
        6,
        6,
        6,
        null,
        1,
        null,
        null,
        null,
        1,
        null,
        4,
        null,
        4,
        9,
        4,
        4,
        1,
        null,
        null,
        3,
        null,
        null,
        null,
        null,
        null,
        null,
        null,
        1,
        7,
        7,
        22,
        null,
        7,
        null,
        null,
        1,
        22,
        null,
        null,
        1,
        6,
        18,
        null,
        null,
        null,
        1,
        22,
        null,
        null,
        1,
        22,
        null,
        null,
        1,
        10,
        null,
        null,
        1,
        25,
        null,
        null
      ],
      "/home/sysone/Desktop/Katas/proyecto-base-katas/Batalla_Naval/app/models/barco.rb": [
        1,
        null,
        1,
        7,
        7,
        null,
        null,
        1,
        17,
        null,
        null,
        1,
        8,
        null,
        null,
        1,
        4,
        null,
        null,
        null
      ]
    },
    "timestamp": 1432525289
  },
  "Cucumber Features": {
    "coverage": {
    },
    "timestamp": 1432525291
  }
}
