{
  "RSpec": {
    "coverage": {
      "/home/sysone/Desktop/Katas/proyecto-base-katas/batalla_naval/app/models/tablero.rb": [
        1,
        null,
        1,
        null,
        1,
        7,
        7,
        7,
        7,
        null,
        null,
        1,
        3,
        1,
        null,
        2,
        null,
        null,
        null,
        1,
        1,
        0,
        null,
        1,
        null,
        null,
        null,
        1,
        5,
        4,
        4,
        4,
        null,
        1,
        null,
        null,
        null,
        1,
        null,
        0,
        null,
        0,
        0,
        0,
        0,
        null,
        0,
        null,
        null,
        0,
        null,
        null,
        null,
        null,
        null,
        null,
        1,
        5,
        5,
        16,
        null,
        5,
        null,
        null,
        1,
        16,
        null,
        null,
        1,
        4,
        12,
        null,
        null,
        null,
        1,
        16,
        null,
        null,
        1,
        16,
        null,
        null,
        1,
        4,
        null,
        null,
        1,
        15,
        null,
        null
      ],
      "/home/sysone/Desktop/Katas/proyecto-base-katas/batalla_naval/app/models/barco.rb": [
        1,
        null,
        1,
        5,
        5,
        null,
        null,
        1,
        9,
        null,
        null,
        1,
        0,
        null,
        null,
        1,
        0,
        null,
        null,
        null
      ]
    },
    "timestamp": 1430853454
  },
  "Cucumber Features": {
    "coverage": {
      "/home/sysone/Desktop/Katas/proyecto-base-katas/batalla_naval/app/models/tablero.rb": [
        1,
        null,
        1,
        null,
        1,
        3,
        3,
        3,
        3,
        null,
        null,
        1,
        4,
        0,
        null,
        4,
        null,
        null,
        null,
        1,
        1,
        0,
        null,
        1,
        null,
        null,
        null,
        1,
        0,
        0,
        0,
        0,
        null,
        0,
        null,
        null,
        null,
        1,
        null,
        0,
        null,
        0,
        0,
        0,
        0,
        null,
        0,
        null,
        null,
        0,
        null,
        null,
        null,
        null,
        null,
        null,
        1,
        0,
        0,
        0,
        null,
        0,
        null,
        null,
        1,
        0,
        null,
        null,
        1,
        0,
        0,
        null,
        null,
        null,
        1,
        0,
        null,
        null,
        1,
        0,
        null,
        null,
        1,
        0,
        null,
        null,
        1,
        4,
        null,
        null
      ],
      "/home/sysone/Desktop/Katas/proyecto-base-katas/batalla_naval/app/models/barco.rb": [
        1,
        null,
        1,
        3,
        3,
        null,
        null,
        1,
        0,
        null,
        null,
        1,
        0,
        null,
        null,
        1,
        0,
        null,
        null,
        null
      ]
    },
    "timestamp": 1430853456
  }
}
